<?xml version="1.0" encoding="UTF-8"?>
<testng-results ignored="0" total="2" passed="2" failed="0" skipped="0">
  <reporter-output>
    <line>
      <![CDATA[-----Test Start For Test You login----]]>
    </line>
    <line>
      <![CDATA[-----Test End For Test You login----]]>
    </line>
    <line>
      <![CDATA[-----Test Start For Test You login----]]>
    </line>
    <line>
      <![CDATA[-----Test End For Test You login----]]>
    </line>
  </reporter-output>
  <suite started-at="2021-07-30T16:24:18 IST" name="Default suite" finished-at="2021-07-30T16:24:59 IST" duration-ms="40921">
    <groups>
    </groups>
    <test started-at="2021-07-30T16:24:18 IST" name="Default test" finished-at="2021-07-30T16:24:59 IST" duration-ms="40921">
      <class name="testCases.testEditTab_testID002">
        <test-method signature="testEditforTestYou(java.lang.String, java.lang.String)[pri:0, instance:testCases.testEditTab_testID002@5e316c74]" started-at="2021-07-30T16:24:18 IST" name="testEditforTestYou" data-provider="readData" finished-at="2021-07-30T16:24:44 IST" duration-ms="25787" status="PASS">
          <params>
            <param index="0">
              <value>
                <![CDATA[Adminayon]]>
              </value>
            </param>
            <param index="1">
              <value>
                <![CDATA[Test123]]>
              </value>
            </param>
          </params>
          <reporter-output>
            <line>
              <![CDATA[-----Test Start For Test You login----]]>
            </line>
            <line>
              <![CDATA[-----Test End For Test You login----]]>
            </line>
          </reporter-output>
        </test-method> <!-- testEditforTestYou -->
        <test-method signature="testEditforTestYou(java.lang.String, java.lang.String)[pri:0, instance:testCases.testEditTab_testID002@5e316c74]" started-at="2021-07-30T16:24:44 IST" name="testEditforTestYou" data-provider="readData" finished-at="2021-07-30T16:24:59 IST" duration-ms="14974" status="PASS">
          <params>
            <param index="0">
              <value>
                <![CDATA[Adminayon]]>
              </value>
            </param>
            <param index="1">
              <value>
                <![CDATA[Tes2t123]]>
              </value>
            </param>
          </params>
          <reporter-output>
            <line>
              <![CDATA[-----Test Start For Test You login----]]>
            </line>
            <line>
              <![CDATA[-----Test End For Test You login----]]>
            </line>
          </reporter-output>
        </test-method> <!-- testEditforTestYou -->
      </class> <!-- testCases.testEditTab_testID002 -->
    </test> <!-- Default test -->
  </suite> <!-- Default suite -->
</testng-results>
