<?xml version="1.0" encoding="UTF-8"?>
<testng-results ignored="1" total="8" passed="7" failed="0" skipped="0">
  <reporter-output>
  </reporter-output>
  <suite started-at="2021-02-14T23:50:45 IST" name="Default suite" finished-at="2021-02-14T23:50:45 IST" duration-ms="146">
    <groups>
      <group name="regression">
        <method signature="TestFeatures.test4()[pri:0, instance:com.web.test.webTest.TestFeatures@43301423]" name="test4" class="com.web.test.webTest.TestFeatures"/>
      </group> <!-- regression -->
      <group name="smoke">
        <method signature="TestFeatures.test1()[pri:0, instance:com.web.test.webTest.TestFeatures@43301423]" name="test1" class="com.web.test.webTest.TestFeatures"/>
        <method signature="TestFeatures.test3()[pri:0, instance:com.web.test.webTest.TestFeatures@43301423]" name="test3" class="com.web.test.webTest.TestFeatures"/>
      </group> <!-- smoke -->
      <group name="sanity">
        <method signature="TestFeatures.test3()[pri:0, instance:com.web.test.webTest.TestFeatures@43301423]" name="test3" class="com.web.test.webTest.TestFeatures"/>
      </group> <!-- sanity -->
    </groups>
    <test started-at="2021-02-14T23:50:45 IST" name="Default test" finished-at="2021-02-14T23:50:45 IST" duration-ms="146">
      <class name="com.web.test.webTest.TestFeatures">
        <test-method signature="test1()[pri:0, instance:com.web.test.webTest.TestFeatures@43301423]" started-at="2021-02-14T23:50:45 IST" name="test1" finished-at="2021-02-14T23:50:45 IST" duration-ms="25" status="PASS">
          <reporter-output>
          </reporter-output>
        </test-method> <!-- test1 -->
        <test-method signature="test1()[pri:0, instance:com.web.test.webTest.TestFeatures@43301423]" started-at="2021-02-14T23:50:45 IST" name="test1" finished-at="2021-02-14T23:50:45 IST" duration-ms="3" status="PASS">
          <reporter-output>
          </reporter-output>
        </test-method> <!-- test1 -->
        <test-method signature="test1()[pri:0, instance:com.web.test.webTest.TestFeatures@43301423]" started-at="2021-02-14T23:50:45 IST" name="test1" finished-at="2021-02-14T23:50:45 IST" duration-ms="1" status="PASS">
          <reporter-output>
          </reporter-output>
        </test-method> <!-- test1 -->
        <test-method signature="test1()[pri:0, instance:com.web.test.webTest.TestFeatures@43301423]" started-at="2021-02-14T23:50:45 IST" name="test1" finished-at="2021-02-14T23:50:45 IST" duration-ms="3" status="PASS">
          <reporter-output>
          </reporter-output>
        </test-method> <!-- test1 -->
        <test-method signature="test1()[pri:0, instance:com.web.test.webTest.TestFeatures@43301423]" started-at="2021-02-14T23:50:45 IST" name="test1" finished-at="2021-02-14T23:50:45 IST" duration-ms="3" status="PASS">
          <reporter-output>
          </reporter-output>
        </test-method> <!-- test1 -->
        <test-method signature="test3()[pri:0, instance:com.web.test.webTest.TestFeatures@43301423]" started-at="2021-02-14T23:50:45 IST" name="test3" finished-at="2021-02-14T23:50:45 IST" duration-ms="3" status="PASS">
          <reporter-output>
          </reporter-output>
        </test-method> <!-- test3 -->
        <test-method signature="test4()[pri:0, instance:com.web.test.webTest.TestFeatures@43301423]" started-at="2021-02-14T23:50:45 IST" name="test4" finished-at="2021-02-14T23:50:45 IST" duration-ms="2" status="PASS">
          <reporter-output>
          </reporter-output>
        </test-method> <!-- test4 -->
      </class> <!-- com.web.test.webTest.TestFeatures -->
    </test> <!-- Default test -->
  </suite> <!-- Default suite -->
</testng-results>
