<?xml version="1.0" encoding="UTF-8"?>
<!-- Generated by org.testng.reporters.JUnitXMLReporter -->
<testsuite ignored="1" hostname="DESKTOP-O1DLNE9" failures="0" tests="3" name="TestDemo" time="0.126" errors="0" timestamp="2021-02-14T23:43:07 IST">
  <testcase classname="com.web.test.webTest.TestFeatures" name="test1" time="0.016"/>
  <testcase classname="com.web.test.webTest.TestFeatures" name="test3" time="0.003"/>
  <testcase classname="com.web.test.webTest.TestFeatures" name="test4" time="0.006"/>
  <testcase classname="com.web.test.webTest.TestFeatures" name="test2" time="0.0">
    <ignored/>
  </testcase> <!-- test2 -->
</testsuite> <!-- TestDemo -->
