<?xml version="1.0" encoding="UTF-8"?>
<testng-results ignored="0" total="3" passed="3" failed="0" skipped="0">
  <reporter-output>
  </reporter-output>
  <suite started-at="2020-10-15T23:39:51 IST" name="Default suite" finished-at="2020-10-15T23:40:29 IST" duration-ms="37653">
    <groups>
    </groups>
    <test started-at="2020-10-15T23:39:51 IST" name="Default test" finished-at="2020-10-15T23:40:29 IST" duration-ms="37653">
      <class name="Test_Amazon.Test_Amazon_login">
        <test-method is-config="true" signature="chromesetup()[pri:0, instance:Test_Amazon.Test_Amazon_login@222114ba]" started-at="2020-10-15T23:39:51 IST" name="chromesetup" finished-at="2020-10-15T23:40:26 IST" duration-ms="34737" status="PASS">
          <reporter-output>
          </reporter-output>
        </test-method> <!-- chromesetup -->
        <test-method signature="Urlinvaliddata()[pri:0, instance:Test_Amazon.Test_Amazon_login@222114ba]" started-at="2020-10-15T23:40:26 IST" name="Urlinvaliddata" finished-at="2020-10-15T23:40:26 IST" duration-ms="247" status="PASS">
          <reporter-output>
          </reporter-output>
        </test-method> <!-- Urlinvaliddata -->
        <test-method signature="checkUrl()[pri:0, instance:Test_Amazon.Test_Amazon_login@222114ba]" started-at="2020-10-15T23:40:26 IST" name="checkUrl" finished-at="2020-10-15T23:40:26 IST" duration-ms="14" status="PASS">
          <reporter-output>
          </reporter-output>
        </test-method> <!-- checkUrl -->
        <test-method signature="checktitle()[pri:0, instance:Test_Amazon.Test_Amazon_login@222114ba]" started-at="2020-10-15T23:40:26 IST" name="checktitle" finished-at="2020-10-15T23:40:27 IST" duration-ms="828" status="PASS">
          <reporter-output>
          </reporter-output>
        </test-method> <!-- checktitle -->
        <test-method is-config="true" signature="CloseBroswer()[pri:0, instance:Test_Amazon.Test_Amazon_login@222114ba]" started-at="2020-10-15T23:40:27 IST" name="CloseBroswer" finished-at="2020-10-15T23:40:29 IST" duration-ms="1691" status="PASS">
          <reporter-output>
          </reporter-output>
        </test-method> <!-- CloseBroswer -->
      </class> <!-- Test_Amazon.Test_Amazon_login -->
    </test> <!-- Default test -->
  </suite> <!-- Default suite -->
</testng-results>
