<?xml version="1.0" encoding="UTF-8"?>
<!-- Generated by org.testng.reporters.JUnitXMLReporter -->
<testsuite ignored="1" hostname="DESKTOP-O1DLNE9" failures="0" tests="7" name="Default test" time="0.146" errors="0" timestamp="2021-02-14T23:50:45 IST">
  <testcase classname="com.web.test.webTest.TestFeatures" name="test1" time="0.025"/>
  <testcase classname="com.web.test.webTest.TestFeatures" name="test1" time="0.003"/>
  <testcase classname="com.web.test.webTest.TestFeatures" name="test1" time="0.001"/>
  <testcase classname="com.web.test.webTest.TestFeatures" name="test1" time="0.003"/>
  <testcase classname="com.web.test.webTest.TestFeatures" name="test1" time="0.003"/>
  <testcase classname="com.web.test.webTest.TestFeatures" name="test3" time="0.003"/>
  <testcase classname="com.web.test.webTest.TestFeatures" name="test4" time="0.002"/>
  <testcase classname="com.web.test.webTest.TestFeatures" name="test2" time="0.0">
    <ignored/>
  </testcase> <!-- test2 -->
</testsuite> <!-- Default test -->
