<?xml version="1.0" encoding="UTF-8"?>
<!-- Generated by org.testng.reporters.JUnitXMLReporter -->
<testsuite ignored="0" hostname="DESKTOP-O1DLNE9" failures="0" tests="3" name="Default test" time="37.653" errors="0" timestamp="2020-10-15T23:40:29 IST">
  <testcase classname="Test_Amazon.Test_Amazon_login" name="Urlinvaliddata" time="0.247"/>
  <testcase classname="Test_Amazon.Test_Amazon_login" name="checkUrl" time="0.014"/>
  <testcase classname="Test_Amazon.Test_Amazon_login" name="checktitle" time="0.828"/>
</testsuite> <!-- Default test -->
